<?xml version="1.0" encoding="UTF-8"?>
<testsuite name="com.web.movierater.security.CustomUserDetailsTest" tests="2" skipped="0" failures="0" errors="0" timestamp="2025-12-14T09:40:34.644Z" hostname="ZEPHY" time="0.281">
  <properties/>
  <testcase name="loadUserByUsername_should_returnUserDetails_when_userExists()" classname="com.web.movierater.security.CustomUserDetailsTest" time="0.267"/>
  <testcase name="loadUserByUsername_should_throwUsernameNotFoundException_when_userDoesNotExist()" classname="com.web.movierater.security.CustomUserDetailsTest" time="0.011"/>
  <system-out><![CDATA[]]></system-out>
  <system-err><![CDATA[]]></system-err>
</testsuite>
