<?xml version="1.0" encoding="UTF-8"?>
<testsuite name="com.web.movierater.security.CustomUserDetailsTest" tests="2" skipped="0" failures="0" errors="0" timestamp="2025-12-13T10:58:25.726Z" hostname="ZEPHY" time="0.179">
  <properties/>
  <testcase name="loadUserByUsername_should_returnUserDetails_when_userExists()" classname="com.web.movierater.security.CustomUserDetailsTest" time="0.176"/>
  <testcase name="loadUserByUsername_should_throwUsernameNotFoundException_when_userDoesNotExist()" classname="com.web.movierater.security.CustomUserDetailsTest" time="0.003"/>
  <system-out><![CDATA[]]></system-out>
  <system-err><![CDATA[]]></system-err>
</testsuite>
