<?xml version="1.0" encoding="UTF-8"?>
<testsuite name="com.web.movierater.services.MovieEnrichmentServiceImplTest" tests="4" skipped="0" failures="0" errors="0" timestamp="2025-12-13T10:58:25.907Z" hostname="ZEPHY" time="0.36">
  <properties/>
  <testcase name="enrichRatingAsync_should_notUpdateRating_when_imdbRatingIsMissing()" classname="com.web.movierater.services.MovieEnrichmentServiceImplTest" time="0.331"/>
  <testcase name="enrichRatingAsync_should_updateRating_when_imdbRatingExists()" classname="com.web.movierater.services.MovieEnrichmentServiceImplTest" time="0.014"/>
  <testcase name="enrichRatingAsync_should_completeNormally_when_omdbReturnsError()" classname="com.web.movierater.services.MovieEnrichmentServiceImplTest" time="0.007"/>
  <testcase name="enrichRatingAsync_should_notUpdateRating_when_imdbRatingIsNull()" classname="com.web.movierater.services.MovieEnrichmentServiceImplTest" time="0.005"/>
  <system-out><![CDATA[OMDB call failed for Inception: OMDB error
]]></system-out>
  <system-err><![CDATA[]]></system-err>
</testsuite>
